
  .   ____          _            __ _ _
 /\\ / ___'_ __ _ _(_)_ __  __ _ \ \ \ \
( ( )\___ | '_ | '_| | '_ \/ _` | \ \ \ \
 \\/  ___)| |_)| | | | | || (_| |  ) ) ) )
  '  |____| .__|_| |_|_| |_\__, | / / / /
 =========|_|==============|___/=/_/_/_/

 :: Spring Boot ::                (v4.1.0)

2026-07-21 20:30:28 - Starting ApiApplication using Java 25.0.1 with PID 17136 (C:\Users\alex_\OneDrive\Escritorio\G9-LATAM-TEAM70\API\API\target\classes started by alex_ in C:\Users\alex_\OneDrive\Escritorio\G9-LATAM-TEAM70\API\API)
2026-07-21 20:30:28 - Running with Spring Boot v4.1.0, Spring v7.0.8
2026-07-21 20:30:28 - No active profile set, falling back to 1 default profile: "default"
2026-07-21 20:30:28 - Devtools property defaults active! Set 'spring.devtools.add-properties' to 'false' to disable
2026-07-21 20:30:28 - For additional web related logging consider setting the 'logging.level.web' property to 'DEBUG'
2026-07-21 20:30:30 - Bootstrapping Spring Data JPA repositories in DEFAULT mode.
2026-07-21 20:30:31 - Finished Spring Data repository scanning in 36 ms. Found 0 JPA repository interfaces.
2026-07-21 20:30:32 - Tomcat initialized with port 8080 (http)
2026-07-21 20:30:32 - Starting service [Tomcat]
2026-07-21 20:30:32 - Starting Servlet engine: [Apache Tomcat/11.0.22]
2026-07-21 20:30:32 - Root WebApplicationContext: initialization completed in 3677 ms
2026-07-21 20:30:34 - HikariPool-1 - Starting...
2026-07-21 20:30:35 - HikariPool-1 - Added connection conn0: url=jdbc:h2:mem:bbaeeb50-f10a-4e84-8f4d-3e3369e4c61a user=SA
2026-07-21 20:30:35 - HikariPool-1 - Start completed.
2026-07-21 20:30:35 - HHH008540: Processing PersistenceUnitInfo [name: default]
2026-07-21 20:30:35 - HHH000001: Hibernate ORM core version 7.4.1.Final
2026-07-21 20:30:37 - No LoadTimeWeaver setup: ignoring JPA class transformer
2026-07-21 20:30:37 - HHH10001005: Database info:
	Database JDBC URL [jdbc:h2:mem:bbaeeb50-f10a-4e84-8f4d-3e3369e4c61a]
	Database driver: H2 JDBC Driver
	Database dialect: H2Dialect
	Database version: 2.4.240
	Default catalog/schema: BBAEEB50-F10A-4E84-8F4D-3E3369E4C61A/PUBLIC
	Autocommit mode: undefined/unknown
	Isolation level: READ_COMMITTED [default READ_COMMITTED]
	JDBC fetch size: 100
	Pool: DataSourceConnectionProvider
	Minimum pool size: undefined/unknown
	Maximum pool size: undefined/unknown
2026-07-21 20:30:38 - HHH000489: No JTA platform available (set 'hibernate.transaction.jta.platform' to enable JTA platform integration)
2026-07-21 20:30:38 - Initialized JPA EntityManagerFactory for persistence unit 'default'
2026-07-21 20:30:38 - Model files found and ready to use
2026-07-21 20:30:38 - Model: C:\Users\alex_\OneDrive\Escritorio\G9-LATAM-TEAM70\API\API\models\modelo.pkl
2026-07-21 20:30:38 - Vectorizer: C:\Users\alex_\OneDrive\Escritorio\G9-LATAM-TEAM70\API\API\models\vectorizer.pkl
2026-07-21 20:30:38 - Script: C:\Users\alex_\OneDrive\Escritorio\G9-LATAM-TEAM70\API\API\src\main\python\predict.py
2026-07-21 20:30:38 - spring.jpa.open-in-view is enabled by default. Therefore, database queries may be performed during view rendering. Explicitly configure spring.jpa.open-in-view to disable this warning
2026-07-21 20:30:39 - 5 mappings in 'requestMappingHandlerMapping'
2026-07-21 20:30:39 - Patterns [/webjars/**, /**] in 'resourceHandlerMapping'
2026-07-21 20:30:39 - ControllerAdvice beans: 0 @ModelAttribute, 0 @InitBinder, 2 RequestBodyAdvice, 1 ResponseBodyAdvice
2026-07-21 20:30:39 - ControllerAdvice beans: 0 @ExceptionHandler, 1 ResponseBodyAdvice
2026-07-21 20:30:39 - Tomcat started on port 8080 (http) with context path '/api'
2026-07-21 20:30:39 - Started ApiApplication in 13.149 seconds (process running for 16.867)
